<?xml version="1.0" encoding="UTF-8"?>
<!-- Generated by org.testng.reporters.JUnitXMLReporter -->
<testsuite ignored="2" hostname="DESKTOP-G07M1S2" failures="0" tests="1" name="Default test" time="7.989" errors="0" timestamp="2024-10-08T22:47:36 IST">
  <testcase classname="com.tutorialsninja.qa.testcases.LogIn" name="getTitle" time="7.906"/>
  <testcase classname="com.tutorialsninja.qa.testcases.LogIn" name="verifyWithValidCredentials" time="0.0">
    <ignored/>
  </testcase> <!-- verifyWithValidCredentials -->
  <testcase classname="com.tutorialsninja.qa.testcases.LogIn" name="verifyWithInvalidCredentials" time="0.0">
    <ignored/>
  </testcase> <!-- verifyWithInvalidCredentials -->
</testsuite> <!-- Default test -->
