<?xml version="1.0" encoding="UTF-8"?>
<testng-results ignored="2" total="3" passed="1" failed="0" skipped="0">
  <reporter-output>
  </reporter-output>
  <suite started-at="2024-10-08T22:47:28 IST" name="Default suite" finished-at="2024-10-08T22:47:36 IST" duration-ms="7989">
    <groups>
    </groups>
    <test started-at="2024-10-08T22:47:28 IST" name="Default test" finished-at="2024-10-08T22:47:36 IST" duration-ms="7989">
      <class name="com.tutorialsninja.qa.testcases.LogIn">
        <test-method signature="getTitle()[pri:0, instance:com.tutorialsninja.qa.testcases.LogIn@1fa268de]" started-at="2024-10-08T22:47:28 IST" name="getTitle" finished-at="2024-10-08T22:47:36 IST" duration-ms="7906" status="PASS">
          <reporter-output>
          </reporter-output>
        </test-method> <!-- getTitle -->
      </class> <!-- com.tutorialsninja.qa.testcases.LogIn -->
    </test> <!-- Default test -->
  </suite> <!-- Default suite -->
</testng-results>
